<?xml version="1.0" encoding="UTF-8"?>
<testsuite name="InvoiceServiceTest" tests="1" skipped="0" failures="0" errors="0" timestamp="2021-04-02T09:36:56" hostname="DESKTOP-011U31P" time="0.185">
  <properties/>
  <testcase name="given_distance_and_time_should_written_total_fair_time()" classname="InvoiceServiceTest" time="0.185"/>
  <system-out><![CDATA[]]></system-out>
  <system-err><![CDATA[]]></system-err>
</testsuite>
